nohup: ignoring input

Traceback (most recent call last):
  File "/home/ubuntu/miniconda3/envs/LuxuryInfoSpider/lib/python3.11/site-packages/twisted/python/log.py", line 96, in callWithLogger
    return callWithContext({"system": lp}, func, *args, **kw)
  File "/home/ubuntu/miniconda3/envs/LuxuryInfoSpider/lib/python3.11/site-packages/twisted/python/log.py", line 80, in callWithContext
    return context.call({ILogContext: newCtx}, func, *args, **kw)
  File "/home/ubuntu/miniconda3/envs/LuxuryInfoSpider/lib/python3.11/site-packages/twisted/python/context.py", line 117, in callWithContext
    return self.currentContext().callWithContext(ctx, func, *args, **kw)
  File "/home/ubuntu/miniconda3/envs/LuxuryInfoSpider/lib/python3.11/site-packages/twisted/python/context.py", line 82, in callWithContext
    return func(*args, **kw)
--- <exception caught here> ---
  File "/home/ubuntu/miniconda3/envs/LuxuryInfoSpider/lib/python3.11/site-packages/twisted/internet/asyncioreactor.py", line 138, in _readOrWrite
    why = method()
  File "/home/ubuntu/miniconda3/envs/LuxuryInfoSpider/lib/python3.11/site-packages/twisted/internet/tcp.py", line 248, in doRead
    return self._dataReceived(data)
  File "/home/ubuntu/miniconda3/envs/LuxuryInfoSpider/lib/python3.11/site-packages/twisted/internet/tcp.py", line 253, in _dataReceived
    rval = self.protocol.dataReceived(data)
  File "/home/ubuntu/miniconda3/envs/LuxuryInfoSpider/lib/python3.11/site-packages/twisted/internet/endpoints.py", line 149, in dataReceived
    return self._wrappedProtocol.dataReceived(data)
  File "/home/ubuntu/miniconda3/envs/LuxuryInfoSpider/lib/python3.11/site-packages/twisted/protocols/tls.py", line 314, in dataReceived
    self._checkHandshakeStatus()
  File "/home/ubuntu/miniconda3/envs/LuxuryInfoSpider/lib/python3.11/site-packages/twisted/protocols/tls.py", line 241, in _checkHandshakeStatus
    self._tlsShutdownFinished(Failure())
  File "/home/ubuntu/miniconda3/envs/LuxuryInfoSpider/lib/python3.11/site-packages/twisted/protocols/tls.py", line 367, in _tlsShutdownFinished
    if _representsEOF(reason.value):
  File "/home/ubuntu/miniconda3/envs/LuxuryInfoSpider/lib/python3.11/site-packages/twisted/protocols/tls.py", line 114, in _representsEOF
    errorQueue = exceptionObject.args[0]
builtins.IndexError: tuple index out of range

商品已经存在，不需要更新
商品已经存在，不需要更新
商品已经存在，不需要更新
商品已经存在，不需要更新
商品已经存在，不需要更新
商品已经存在，不需要更新
商品已经存在，不需要更新
商品已经存在，不需要更新
商品已经存在，不需要更新
商品已经存在，不需要更新
商品已经存在，不需要更新
商品已经存在，不需要更新
商品已经存在，不需要更新
商品已经存在，不需要更新
商品已经存在，不需要更新
商品已经存在，不需要更新
商品已经存在，不需要更新
商品已经存在，不需要更新
商品已经存在，不需要更新
商品已经存在，不需要更新
商品已经存在，不需要更新
商品已经存在，不需要更新
商品已经存在，不需要更新
商品已经存在，不需要更新
商品已经存在，不需要更新
商品已经存在，不需要更新
商品已经存在，不需要更新
商品已经存在，不需要更新
No proxy available, waiting for 60 seconds
Using proxy: 180.123.197.53:8089
Using proxy: 180.123.197.53:8089
Using proxy: 180.123.197.53:8089
Using proxy: 180.123.197.53:8089
Using proxy: 180.123.197.53:8089
商品已经存在，不需要更新
商品已经存在，不需要更新
商品已经存在，不需要更新
商品已经存在，不需要更新
商品已经存在，不需要更新
商品已经存在，不需要更新
商品已经存在，不需要更新
商品已经存在，不需要更新
商品已经存在，不需要更新
商品已经存在，不需要更新
商品已经存在，不需要更新
商品已经存在，不需要更新
商品已经存在，不需要更新
商品已经存在，不需要更新
商品已经存在，不需要更新
商品已经存在，不需要更新
商品已经存在，不需要更新
商品已经存在，不需要更新
商品已经存在，不需要更新
商品已经存在，不需要更新
商品已经存在，不需要更新
商品已经存在，不需要更新
商品已经存在，不需要更新
商品已经存在，不需要更新
商品已经存在，不需要更新
商品已经存在，不需要更新
商品已经存在，不需要更新
商品已经存在，不需要更新
商品已经存在，不需要更新
商品已经存在，不需要更新
商品已经存在，不需要更新
商品已经存在，不需要更新
商品已经存在，不需要更新
商品已经存在，不需要更新
商品已经存在，不需要更新
商品已经存在，不需要更新
商品已经存在，不需要更新
商品已经存在，不需要更新
商品已经存在，不需要更新
商品已经存在，不需要更新
商品已经存在，不需要更新
商品已经存在，不需要更新
商品已经存在，不需要更新
商品已经存在，不需要更新
商品已经存在，不需要更新
商品已经存在，不需要更新
Using proxy: 180.123.197.53:8089
Using proxy: 180.123.197.53:8089
商品已经存在，不需要更新
商品已经存在，不需要更新
商品已经存在，不需要更新
商品已经存在，不需要更新
商品已经存在，不需要更新
商品已经存在，不需要更新
商品已经存在，不需要更新
商品已经存在，不需要更新
商品已经存在，不需要更新
商品已经存在，不需要更新
商品已经存在，不需要更新
商品已经存在，不需要更新
商品已经存在，不需要更新
商品已经存在，不需要更新
商品已经存在，不需要更新
商品已经存在，不需要更新
商品已经存在，不需要更新
商品已经存在，不需要更新
商品已经存在，不需要更新
商品已经存在，不需要更新
商品已经存在，不需要更新
商品已经存在，不需要更新
商品已经存在，不需要更新
商品已经存在，不需要更新
商品已经存在，不需要更新
商品已经存在，不需要更新
商品已经存在，不需要更新
商品已经存在，不需要更新
商品已经存在，不需要更新
商品已经存在，不需要更新
商品已经存在，不需要更新
商品已经存在，不需要更新
商品已经存在，不需要更新
商品已经存在，不需要更新
商品已经存在，不需要更新
商品已经存在，不需要更新
商品已经存在，不需要更新
商品已经存在，不需要更新
商品已经存在，不需要更新
商品已经存在，不需要更新
商品已经存在，不需要更新
商品已经存在，不需要更新
商品已经存在，不需要更新
商品已经存在，不需要更新
商品已经存在，不需要更新
商品已经存在，不需要更新
商品已经存在，不需要更新
商品已经存在，不需要更新
商品已经存在，不需要更新
商品已经存在，不需要更新
商品已经存在，不需要更新
商品已经存在，不需要更新
商品已经存在，不需要更新
商品已经存在，不需要更新
商品已经存在，不需要更新
商品已经存在，不需要更新
商品已经存在，不需要更新
商品已经存在，不需要更新
商品已经存在，不需要更新
商品已经存在，不需要更新
商品已经存在，不需要更新
商品已经存在，不需要更新
商品已经存在，不需要更新
商品已经存在，不需要更新
商品已经存在，不需要更新
商品已经存在，不需要更新
商品已经存在，不需要更新
商品已经存在，不需要更新
商品已经存在，不需要更新
商品已经存在，不需要更新
商品已经存在，不需要更新
商品已经存在，不需要更新
商品已经存在，不需要更新
商品已经存在，不需要更新
商品已经存在，不需要更新
商品已经存在，不需要更新
商品已经存在，不需要更新
商品已经存在，不需要更新
商品已经存在，不需要更新
商品已经存在，不需要更新
商品已经存在，不需要更新
商品已经存在，不需要更新
商品已经存在，不需要更新
商品已经存在，不需要更新
商品已经存在，不需要更新
商品已经存在，不需要更新
商品已经存在，不需要更新
商品已经存在，不需要更新
商品已经存在，不需要更新
商品已经存在，不需要更新
商品已经存在，不需要更新
商品已经存在，不需要更新
商品已经存在，不需要更新
商品已经存在，不需要更新
商品已经存在，不需要更新
商品已经存在，不需要更新
商品已经存在，不需要更新
商品已经存在，不需要更新
商品已经存在，不需要更新
商品已经存在，不需要更新
商品已经存在，不需要更新
商品已经存在，不需要更新
商品已经存在，不需要更新
商品已经存在，不需要更新
商品已经存在，不需要更新
商品已经存在，不需要更新
商品已经存在，不需要更新
商品已经存在，不需要更新
商品已经存在，不需要更新
商品已经存在，不需要更新
Using proxy: 180.123.197.53:8089
商品已经存在，不需要更新
商品已经存在，不需要更新
商品已经存在，不需要更新
商品已经存在，不需要更新
商品已经存在，不需要更新
商品已经存在，不需要更新
商品已经存在，不需要更新
商品已经存在，不需要更新
商品已经存在，不需要更新
商品已经存在，不需要更新
商品已经存在，不需要更新
商品已经存在，不需要更新
商品已经存在，不需要更新
商品已经存在，不需要更新
商品已经存在，不需要更新
商品已经存在，不需要更新
商品已经存在，不需要更新
商品已经存在，不需要更新
商品已经存在，不需要更新
商品已经存在，不需要更新
商品已经存在，不需要更新
商品已经存在，不需要更新
商品已经存在，不需要更新
商品已经存在，不需要更新
商品已经存在，不需要更新
商品已经存在，不需要更新
商品已经存在，不需要更新
商品已经存在，不需要更新
商品已经存在，不需要更新
商品已经存在，不需要更新
商品已经存在，不需要更新
商品已经存在，不需要更新
商品已经存在，不需要更新
商品已经存在，不需要更新
商品已经存在，不需要更新
商品已经存在，不需要更新
商品已经存在，不需要更新
商品已经存在，不需要更新
商品已经存在，不需要更新
商品已经存在，不需要更新
商品已经存在，不需要更新
商品已经存在，不需要更新
商品已经存在，不需要更新
商品已经存在，不需要更新
商品已经存在，不需要更新
商品已经存在，不需要更新
商品已经存在，不需要更新
商品已经存在，不需要更新
商品已经存在，不需要更新
商品已经存在，不需要更新
商品已经存在，不需要更新
商品已经存在，不需要更新
商品已经存在，不需要更新
商品已经存在，不需要更新
商品已经存在，不需要更新
商品已经存在，不需要更新
商品已经存在，不需要更新
商品已经存在，不需要更新
商品已经存在，不需要更新
商品已经存在，不需要更新
商品已经存在，不需要更新
商品已经存在，不需要更新
商品已经存在，不需要更新
商品已经存在，不需要更新
商品已经存在，不需要更新
商品已经存在，不需要更新
商品已经存在，不需要更新
商品已经存在，不需要更新
商品已经存在，不需要更新
商品已经存在，不需要更新
商品已经存在，不需要更新
商品已经存在，不需要更新
商品已经存在，不需要更新
商品已经存在，不需要更新
商品已经存在，不需要更新
商品已经存在，不需要更新
商品已经存在，不需要更新
商品已经存在，不需要更新
商品已经存在，不需要更新
商品已经存在，不需要更新
商品已经存在，不需要更新
商品已经存在，不需要更新
商品已经存在，不需要更新
商品已经存在，不需要更新
商品已经存在，不需要更新
商品已经存在，不需要更新
商品已经存在，不需要更新
商品已经存在，不需要更新
商品已经存在，不需要更新
商品已经存在，不需要更新
商品已经存在，不需要更新
商品已经存在，不需要更新
商品已经存在，不需要更新
商品已经存在，不需要更新
商品已经存在，不需要更新
商品已经存在，不需要更新
商品已经存在，不需要更新
商品已经存在，不需要更新
商品已经存在，不需要更新
商品已经存在，不需要更新
商品已经存在，不需要更新
商品已经存在，不需要更新
商品已经存在，不需要更新
商品已经存在，不需要更新
商品已经存在，不需要更新
商品已经存在，不需要更新
商品已经存在，不需要更新
商品已经存在，不需要更新
商品已经存在，不需要更新
商品已经存在，不需要更新
Using proxy: 180.123.197.53:8089
商品已经存在，不需要更新
商品已经存在，不需要更新
商品已经存在，不需要更新
商品已经存在，不需要更新
商品已经存在，不需要更新
商品已经存在，不需要更新
商品已经存在，不需要更新
商品已经存在，不需要更新
商品已经存在，不需要更新
商品已经存在，不需要更新
商品已经存在，不需要更新
商品已经存在，不需要更新
商品已经存在，不需要更新
商品已经存在，不需要更新
商品已经存在，不需要更新
商品已经存在，不需要更新
商品已经存在，不需要更新
商品已经存在，不需要更新
商品已经存在，不需要更新
商品已经存在，不需要更新
商品已经存在，不需要更新
商品已经存在，不需要更新
商品已经存在，不需要更新
商品已经存在，不需要更新
商品已经存在，不需要更新
商品已经存在，不需要更新
商品已经存在，不需要更新
商品已经存在，不需要更新
商品已经存在，不需要更新
商品已经存在，不需要更新
商品已经存在，不需要更新
商品已经存在，不需要更新
商品已经存在，不需要更新
商品已经存在，不需要更新
商品已经存在，不需要更新
商品已经存在，不需要更新
商品已经存在，不需要更新
商品已经存在，不需要更新
商品已经存在，不需要更新
商品已经存在，不需要更新
商品已经存在，不需要更新
商品已经存在，不需要更新
商品已经存在，不需要更新
商品已经存在，不需要更新
商品已经存在，不需要更新
商品已经存在，不需要更新
商品已经存在，不需要更新
商品已经存在，不需要更新
商品已经存在，不需要更新
商品已经存在，不需要更新
商品已经存在，不需要更新
商品已经存在，不需要更新
商品已经存在，不需要更新
商品已经存在，不需要更新
商品已经存在，不需要更新
商品已经存在，不需要更新
商品已经存在，不需要更新
Using proxy: 180.123.197.53:8089
商品已经存在，不需要更新
商品已经存在，不需要更新
商品已经存在，不需要更新
商品已经存在，不需要更新
商品已经存在，不需要更新
商品已经存在，不需要更新
商品已经存在，不需要更新
商品已经存在，不需要更新
商品已经存在，不需要更新
商品已经存在，不需要更新
商品已经存在，不需要更新
商品已经存在，不需要更新
商品已经存在，不需要更新
商品已经存在，不需要更新
商品已经存在，不需要更新
商品已经存在，不需要更新
商品已经存在，不需要更新
商品已经存在，不需要更新
商品已经存在，不需要更新
商品已经存在，不需要更新
商品已经存在，不需要更新
商品已经存在，不需要更新
商品已经存在，不需要更新
商品已经存在，不需要更新
商品已经存在，不需要更新
商品已经存在，不需要更新
商品已经存在，不需要更新
商品已经存在，不需要更新
商品已经存在，不需要更新
商品已经存在，不需要更新
商品已经存在，不需要更新
商品已经存在，不需要更新
商品已经存在，不需要更新
商品已经存在，不需要更新
商品已经存在，不需要更新
商品已经存在，不需要更新
商品已经存在，不需要更新
商品已经存在，不需要更新
商品已经存在，不需要更新
商品已经存在，不需要更新
商品已经存在，不需要更新
商品已经存在，不需要更新
商品已经存在，不需要更新
商品已经存在，不需要更新
商品已经存在，不需要更新
商品已经存在，不需要更新
商品已经存在，不需要更新
商品已经存在，不需要更新
商品已经存在，不需要更新
商品已经存在，不需要更新
商品已经存在，不需要更新
商品已经存在，不需要更新
商品已经存在，不需要更新
商品已经存在，不需要更新
商品已经存在，不需要更新
商品已经存在，不需要更新
商品已经存在，不需要更新
商品已经存在，不需要更新
商品已经存在，不需要更新
商品已经存在，不需要更新
商品已经存在，不需要更新
商品已经存在，不需要更新
商品已经存在，不需要更新
商品已经存在，不需要更新
商品已经存在，不需要更新
商品已经存在，不需要更新
商品已经存在，不需要更新
商品已经存在，不需要更新
商品已经存在，不需要更新
商品已经存在，不需要更新
商品已经存在，不需要更新
商品已经存在，不需要更新
商品已经存在，不需要更新
商品已经存在，不需要更新
商品已经存在，不需要更新
商品已经存在，不需要更新
商品已经存在，不需要更新
商品已经存在，不需要更新
商品已经存在，不需要更新
商品已经存在，不需要更新
商品已经存在，不需要更新
商品已经存在，不需要更新
商品已经存在，不需要更新
商品已经存在，不需要更新
商品已经存在，不需要更新
商品已经存在，不需要更新
商品已经存在，不需要更新
商品已经存在，不需要更新
商品已经存在，不需要更新
商品已经存在，不需要更新
商品已经存在，不需要更新
商品已经存在，不需要更新
商品已经存在，不需要更新
商品已经存在，不需要更新
商品已经存在，不需要更新
商品已经存在，不需要更新
商品已经存在，不需要更新
商品已经存在，不需要更新
商品已经存在，不需要更新
商品已经存在，不需要更新
商品已经存在，不需要更新
商品已经存在，不需要更新
商品已经存在，不需要更新
商品已经存在，不需要更新
商品已经存在，不需要更新
商品已经存在，不需要更新
商品已经存在，不需要更新
商品已经存在，不需要更新
商品已经存在，不需要更新
商品已经存在，不需要更新
商品已经存在，不需要更新
商品已经存在，不需要更新
商品已经存在，不需要更新
商品已经存在，不需要更新
商品已经存在，不需要更新
商品已经存在，不需要更新
商品已经存在，不需要更新
商品已经存在，不需要更新
商品已经存在，不需要更新
商品已经存在，不需要更新
商品已经存在，不需要更新
商品已经存在，不需要更新
商品已经存在，不需要更新
商品已经存在，不需要更新
商品已经存在，不需要更新
商品已经存在，不需要更新
商品已经存在，不需要更新
商品已经存在，不需要更新
商品已经存在，不需要更新
商品已经存在，不需要更新
商品已经存在，不需要更新
商品已经存在，不需要更新
商品已经存在，不需要更新
商品已经存在，不需要更新
商品已经存在，不需要更新
商品已经存在，不需要更新
Using proxy: 180.123.197.53:8089
商品已经存在，不需要更新
商品已经存在，不需要更新
商品已经存在，不需要更新
商品已经存在，不需要更新
商品已经存在，不需要更新
商品已经存在，不需要更新
商品已经存在，不需要更新
商品已经存在，不需要更新
商品已经存在，不需要更新
商品已经存在，不需要更新
商品已经存在，不需要更新
商品已经存在，不需要更新
商品已经存在，不需要更新
商品已经存在，不需要更新
商品已经存在，不需要更新
商品已经存在，不需要更新
商品已经存在，不需要更新
商品已经存在，不需要更新
商品已经存在，不需要更新
商品已经存在，不需要更新
商品已经存在，不需要更新
商品已经存在，不需要更新
商品已经存在，不需要更新
商品已经存在，不需要更新
商品已经存在，不需要更新
商品已经存在，不需要更新
商品已经存在，不需要更新
商品已经存在，不需要更新
商品已经存在，不需要更新
商品已经存在，不需要更新
商品已经存在，不需要更新
商品已经存在，不需要更新
商品已经存在，不需要更新
商品已经存在，不需要更新
商品已经存在，不需要更新
商品已经存在，不需要更新
商品已经存在，不需要更新
商品已经存在，不需要更新
商品已经存在，不需要更新
商品已经存在，不需要更新
商品已经存在，不需要更新
商品已经存在，不需要更新
商品已经存在，不需要更新
商品已经存在，不需要更新
商品已经存在，不需要更新
商品已经存在，不需要更新
商品已经存在，不需要更新
商品已经存在，不需要更新
商品已经存在，不需要更新
商品已经存在，不需要更新
商品已经存在，不需要更新
商品已经存在，不需要更新
商品已经存在，不需要更新
商品已经存在，不需要更新
商品已经存在，不需要更新
商品已经存在，不需要更新
商品已经存在，不需要更新
商品已经存在，不需要更新
商品已经存在，不需要更新
商品已经存在，不需要更新
商品已经存在，不需要更新
商品已经存在，不需要更新
商品已经存在，不需要更新
商品已经存在，不需要更新
商品已经存在，不需要更新
商品已经存在，不需要更新
商品已经存在，不需要更新
商品已经存在，不需要更新
商品已经存在，不需要更新
商品已经存在，不需要更新
商品已经存在，不需要更新
商品已经存在，不需要更新
商品已经存在，不需要更新
商品已经存在，不需要更新
商品已经存在，不需要更新
商品已经存在，不需要更新
商品已经存在，不需要更新
商品已经存在，不需要更新
商品已经存在，不需要更新
商品已经存在，不需要更新
商品已经存在，不需要更新
商品已经存在，不需要更新
商品已经存在，不需要更新
商品已经存在，不需要更新
商品已经存在，不需要更新
商品已经存在，不需要更新
商品已经存在，不需要更新
商品已经存在，不需要更新
商品已经存在，不需要更新
商品已经存在，不需要更新
商品已经存在，不需要更新
商品已经存在，不需要更新
商品已经存在，不需要更新
商品已经存在，不需要更新
商品已经存在，不需要更新
商品已经存在，不需要更新
商品已经存在，不需要更新
商品已经存在，不需要更新
商品已经存在，不需要更新
商品已经存在，不需要更新
商品已经存在，不需要更新
商品已经存在，不需要更新
商品已经存在，不需要更新
商品已经存在，不需要更新
商品已经存在，不需要更新
商品已经存在，不需要更新
商品已经存在，不需要更新
商品已经存在，不需要更新
商品已经存在，不需要更新
商品已经存在，不需要更新
商品已经存在，不需要更新
商品已经存在，不需要更新
商品已经存在，不需要更新
商品已经存在，不需要更新
商品已经存在，不需要更新
商品已经存在，不需要更新
商品已经存在，不需要更新
商品已经存在，不需要更新
商品已经存在，不需要更新
商品已经存在，不需要更新
商品已经存在，不需要更新
商品已经存在，不需要更新
商品已经存在，不需要更新
商品已经存在，不需要更新
商品已经存在，不需要更新
商品已经存在，不需要更新
商品已经存在，不需要更新
商品已经存在，不需要更新
商品已经存在，不需要更新
商品已经存在，不需要更新
商品已经存在，不需要更新
商品已经存在，不需要更新
商品已经存在，不需要更新
商品已经存在，不需要更新
商品已经存在，不需要更新
商品已经存在，不需要更新
商品已经存在，不需要更新
商品已经存在，不需要更新
商品已经存在，不需要更新
商品已经存在，不需要更新
商品已经存在，不需要更新
商品已经存在，不需要更新
商品已经存在，不需要更新
商品已经存在，不需要更新
商品已经存在，不需要更新
商品已经存在，不需要更新
商品已经存在，不需要更新
商品已经存在，不需要更新
商品已经存在，不需要更新
商品已经存在，不需要更新
商品已经存在，不需要更新
商品已经存在，不需要更新
商品已经存在，不需要更新
商品已经存在，不需要更新
商品已经存在，不需要更新
商品已经存在，不需要更新
商品已经存在，不需要更新
商品已经存在，不需要更新
商品已经存在，不需要更新
商品已经存在，不需要更新
商品已经存在，不需要更新
商品已经存在，不需要更新
商品已经存在，不需要更新
商品已经存在，不需要更新
商品已经存在，不需要更新
商品已经存在，不需要更新
商品已经存在，不需要更新
商品已经存在，不需要更新
商品已经存在，不需要更新
商品已经存在，不需要更新
商品已经存在，不需要更新
商品已经存在，不需要更新
商品已经存在，不需要更新
商品已经存在，不需要更新
商品已经存在，不需要更新
商品已经存在，不需要更新
商品已经存在，不需要更新
商品已经存在，不需要更新
商品已经存在，不需要更新
商品已经存在，不需要更新
商品已经存在，不需要更新
商品已经存在，不需要更新
商品已经存在，不需要更新
商品已经存在，不需要更新
商品已经存在，不需要更新
商品已经存在，不需要更新
商品已经存在，不需要更新
商品已经存在，不需要更新
商品已经存在，不需要更新
商品已经存在，不需要更新
商品已经存在，不需要更新
商品已经存在，不需要更新
商品已经存在，不需要更新
商品已经存在，不需要更新
商品已经存在，不需要更新
商品已经存在，不需要更新
商品已经存在，不需要更新
商品已经存在，不需要更新
商品已经存在，不需要更新
商品已经存在，不需要更新
商品已经存在，不需要更新
商品已经存在，不需要更新
商品已经存在，不需要更新
商品已经存在，不需要更新
商品已经存在，不需要更新
商品已经存在，不需要更新
商品已经存在，不需要更新
商品已经存在，不需要更新
商品已经存在，不需要更新
商品已经存在，不需要更新
商品已经存在，不需要更新
商品已经存在，不需要更新
商品已经存在，不需要更新
商品已经存在，不需要更新
商品已经存在，不需要更新
商品已经存在，不需要更新
商品已经存在，不需要更新
商品已经存在，不需要更新
商品已经存在，不需要更新
商品已经存在，不需要更新
商品已经存在，不需要更新
商品已经存在，不需要更新
商品已经存在，不需要更新
商品已经存在，不需要更新
商品已经存在，不需要更新
商品已经存在，不需要更新
商品已经存在，不需要更新
商品已经存在，不需要更新
商品已经存在，不需要更新
商品已经存在，不需要更新
商品已经存在，不需要更新
商品已经存在，不需要更新
商品已经存在，不需要更新
商品已经存在，不需要更新
商品已经存在，不需要更新
商品已经存在，不需要更新
商品已经存在，不需要更新
商品已经存在，不需要更新
商品已经存在，不需要更新
商品已经存在，不需要更新
商品已经存在，不需要更新
商品已经存在，不需要更新
商品已经存在，不需要更新
商品已经存在，不需要更新
商品已经存在，不需要更新
商品已经存在，不需要更新
商品已经存在，不需要更新
商品已经存在，不需要更新
商品已经存在，不需要更新
商品已经存在，不需要更新
商品已经存在，不需要更新
商品已经存在，不需要更新
商品已经存在，不需要更新
商品已经存在，不需要更新
商品已经存在，不需要更新
商品已经存在，不需要更新
商品已经存在，不需要更新
商品已经存在，不需要更新
商品已经存在，不需要更新
商品已经存在，不需要更新
商品已经存在，不需要更新
商品已经存在，不需要更新
商品已经存在，不需要更新
商品已经存在，不需要更新
商品已经存在，不需要更新
商品已经存在，不需要更新
商品已经存在，不需要更新
商品已经存在，不需要更新
商品已经存在，不需要更新
商品已经存在，不需要更新
商品已经存在，不需要更新
商品已经存在，不需要更新
商品已经存在，不需要更新
商品已经存在，不需要更新
商品已经存在，不需要更新
商品已经存在，不需要更新
商品已经存在，不需要更新
商品已经存在，不需要更新
商品已经存在，不需要更新
商品已经存在，不需要更新
商品已经存在，不需要更新
商品已经存在，不需要更新
商品已经存在，不需要更新
商品已经存在，不需要更新
商品已经存在，不需要更新
商品已经存在，不需要更新
商品已经存在，不需要更新
商品已经存在，不需要更新
商品已经存在，不需要更新
商品已经存在，不需要更新
商品已经存在，不需要更新
商品已经存在，不需要更新
商品已经存在，不需要更新
商品已经存在，不需要更新
商品已经存在，不需要更新
商品已经存在，不需要更新
商品已经存在，不需要更新
商品已经存在，不需要更新
商品已经存在，不需要更新
商品已经存在，不需要更新
商品已经存在，不需要更新
商品已经存在，不需要更新
商品已经存在，不需要更新
商品已经存在，不需要更新
商品已经存在，不需要更新
商品已经存在，不需要更新
商品已经存在，不需要更新
商品已经存在，不需要更新
商品已经存在，不需要更新
商品已经存在，不需要更新
商品已经存在，不需要更新
商品已经存在，不需要更新
商品已经存在，不需要更新
商品已经存在，不需要更新
商品已经存在，不需要更新
商品已经存在，不需要更新
商品已经存在，不需要更新
商品已经存在，不需要更新
商品已经存在，不需要更新
商品已经存在，不需要更新
商品已经存在，不需要更新
商品已经存在，不需要更新
商品已经存在，不需要更新
商品已经存在，不需要更新
商品已经存在，不需要更新
商品已经存在，不需要更新
商品已经存在，不需要更新
商品已经存在，不需要更新
商品已经存在，不需要更新
商品已经存在，不需要更新
商品已经存在，不需要更新
商品已经存在，不需要更新
商品已经存在，不需要更新
商品已经存在，不需要更新
商品已经存在，不需要更新
商品已经存在，不需要更新
商品已经存在，不需要更新
商品已经存在，不需要更新
商品已经存在，不需要更新
商品已经存在，不需要更新
商品已经存在，不需要更新
商品已经存在，不需要更新
商品已经存在，不需要更新
商品已经存在，不需要更新
商品已经存在，不需要更新
商品已经存在，不需要更新
商品已经存在，不需要更新
商品已经存在，不需要更新
商品已经存在，不需要更新
商品已经存在，不需要更新
商品已经存在，不需要更新
商品已经存在，不需要更新
商品已经存在，不需要更新
商品已经存在，不需要更新
商品已经存在，不需要更新
商品已经存在，不需要更新
商品已经存在，不需要更新
商品已经存在，不需要更新
商品已经存在，不需要更新
商品已经存在，不需要更新
商品已经存在，不需要更新
商品已经存在，不需要更新
商品已经存在，不需要更新
商品已经存在，不需要更新
商品已经存在，不需要更新
商品已经存在，不需要更新
商品已经存在，不需要更新
商品已经存在，不需要更新
商品已经存在，不需要更新
商品已经存在，不需要更新
商品已经存在，不需要更新
商品已经存在，不需要更新
商品已经存在，不需要更新
商品已经存在，不需要更新
商品已经存在，不需要更新
商品已经存在，不需要更新
商品已经存在，不需要更新
商品已经存在，不需要更新
商品已经存在，不需要更新
商品已经存在，不需要更新
商品已经存在，不需要更新
商品已经存在，不需要更新
商品已经存在，不需要更新
商品已经存在，不需要更新
商品已经存在，不需要更新
商品已经存在，不需要更新
商品已经存在，不需要更新
商品已经存在，不需要更新
商品已经存在，不需要更新
商品已经存在，不需要更新
商品已经存在，不需要更新
商品已经存在，不需要更新
商品已经存在，不需要更新
商品已经存在，不需要更新
商品已经存在，不需要更新
商品已经存在，不需要更新
商品已经存在，不需要更新
商品已经存在，不需要更新
商品已经存在，不需要更新
商品已经存在，不需要更新
商品已经存在，不需要更新
商品已经存在，不需要更新
商品已经存在，不需要更新
商品已经存在，不需要更新
商品已经存在，不需要更新
商品已经存在，不需要更新
商品已经存在，不需要更新
商品已经存在，不需要更新
商品已经存在，不需要更新
商品已经存在，不需要更新
商品已经存在，不需要更新
商品已经存在，不需要更新
商品已经存在，不需要更新
商品已经存在，不需要更新
商品已经存在，不需要更新
商品已经存在，不需要更新
商品已经存在，不需要更新
商品已经存在，不需要更新
商品已经存在，不需要更新
商品已经存在，不需要更新
商品已经存在，不需要更新
商品已经存在，不需要更新
商品已经存在，不需要更新
商品已经存在，不需要更新
商品已经存在，不需要更新
商品已经存在，不需要更新
商品已经存在，不需要更新
商品已经存在，不需要更新
商品已经存在，不需要更新
商品已经存在，不需要更新
商品已经存在，不需要更新
商品已经存在，不需要更新
商品已经存在，不需要更新
商品已经存在，不需要更新
商品已经存在，不需要更新
商品已经存在，不需要更新
商品已经存在，不需要更新
商品已经存在，不需要更新
商品已经存在，不需要更新
商品已经存在，不需要更新
商品已经存在，不需要更新
商品已经存在，不需要更新
商品已经存在，不需要更新
商品已经存在，不需要更新
商品已经存在，不需要更新
商品已经存在，不需要更新
商品已经存在，不需要更新
商品已经存在，不需要更新
商品已经存在，不需要更新
商品已经存在，不需要更新
商品已经存在，不需要更新
商品已经存在，不需要更新
商品已经存在，不需要更新
商品已经存在，不需要更新
商品已经存在，不需要更新
商品已经存在，不需要更新
商品已经存在，不需要更新
商品已经存在，不需要更新
商品已经存在，不需要更新
商品已经存在，不需要更新
商品已经存在，不需要更新
商品已经存在，不需要更新
商品已经存在，不需要更新
商品已经存在，不需要更新
商品已经存在，不需要更新
商品已经存在，不需要更新
商品已经存在，不需要更新
商品已经存在，不需要更新
商品已经存在，不需要更新
商品已经存在，不需要更新
商品已经存在，不需要更新
商品已经存在，不需要更新
商品已经存在，不需要更新
商品已经存在，不需要更新
商品已经存在，不需要更新
商品已经存在，不需要更新
商品已经存在，不需要更新
商品已经存在，不需要更新
商品已经存在，不需要更新
商品已经存在，不需要更新
商品已经存在，不需要更新
商品已经存在，不需要更新
商品已经存在，不需要更新
商品已经存在，不需要更新
商品已经存在，不需要更新
商品已经存在，不需要更新
商品已经存在，不需要更新
商品已经存在，不需要更新
商品已经存在，不需要更新
商品已经存在，不需要更新
商品已经存在，不需要更新
商品已经存在，不需要更新
商品已经存在，不需要更新
商品已经存在，不需要更新
商品已经存在，不需要更新
商品已经存在，不需要更新
商品已经存在，不需要更新
商品已经存在，不需要更新
商品已经存在，不需要更新
商品已经存在，不需要更新
商品已经存在，不需要更新
商品已经存在，不需要更新
商品已经存在，不需要更新
商品已经存在，不需要更新
商品已经存在，不需要更新
商品已经存在，不需要更新
商品已经存在，不需要更新
商品已经存在，不需要更新
商品已经存在，不需要更新
商品已经存在，不需要更新
商品已经存在，不需要更新
商品已经存在，不需要更新
商品已经存在，不需要更新
商品已经存在，不需要更新
商品已经存在，不需要更新
商品已经存在，不需要更新
商品已经存在，不需要更新
商品已经存在，不需要更新
商品已经存在，不需要更新
商品已经存在，不需要更新
商品已经存在，不需要更新
商品已经存在，不需要更新
商品已经存在，不需要更新
商品已经存在，不需要更新
商品已经存在，不需要更新
商品已经存在，不需要更新
商品已经存在，不需要更新
商品已经存在，不需要更新
商品已经存在，不需要更新
商品已经存在，不需要更新
商品已经存在，不需要更新
商品已经存在，不需要更新
商品已经存在，不需要更新
商品已经存在，不需要更新
商品已经存在，不需要更新
商品已经存在，不需要更新
商品已经存在，不需要更新
商品已经存在，不需要更新
商品已经存在，不需要更新
商品已经存在，不需要更新
商品已经存在，不需要更新
商品已经存在，不需要更新
商品已经存在，不需要更新
商品已经存在，不需要更新
商品已经存在，不需要更新
商品已经存在，不需要更新
商品已经存在，不需要更新
商品已经存在，不需要更新
商品已经存在，不需要更新
商品已经存在，不需要更新
商品已经存在，不需要更新
商品已经存在，不需要更新
商品已经存在，不需要更新
商品已经存在，不需要更新
商品已经存在，不需要更新
商品已经存在，不需要更新
商品已经存在，不需要更新
商品已经存在，不需要更新
商品已经存在，不需要更新
商品已经存在，不需要更新
商品已经存在，不需要更新
商品已经存在，不需要更新
商品已经存在，不需要更新
商品已经存在，不需要更新
商品已经存在，不需要更新
商品已经存在，不需要更新
商品已经存在，不需要更新
商品已经存在，不需要更新
商品已经存在，不需要更新
商品已经存在，不需要更新
商品已经存在，不需要更新
商品已经存在，不需要更新
商品已经存在，不需要更新
商品已经存在，不需要更新
商品已经存在，不需要更新
商品已经存在，不需要更新
商品已经存在，不需要更新
商品已经存在，不需要更新
商品已经存在，不需要更新
商品已经存在，不需要更新
商品已经存在，不需要更新
商品已经存在，不需要更新
商品已经存在，不需要更新
商品已经存在，不需要更新
商品已经存在，不需要更新
商品已经存在，不需要更新
商品已经存在，不需要更新
商品已经存在，不需要更新
商品已经存在，不需要更新
商品已经存在，不需要更新
商品已经存在，不需要更新
商品已经存在，不需要更新
商品已经存在，不需要更新
商品已经存在，不需要更新
商品已经存在，不需要更新
商品已经存在，不需要更新
商品已经存在，不需要更新
商品已经存在，不需要更新
商品已经存在，不需要更新
商品已经存在，不需要更新
商品已经存在，不需要更新
商品已经存在，不需要更新
商品已经存在，不需要更新
商品已经存在，不需要更新
商品已经存在，不需要更新
商品已经存在，不需要更新
商品已经存在，不需要更新
商品已经存在，不需要更新
商品已经存在，不需要更新
商品已经存在，不需要更新
商品已经存在，不需要更新
商品已经存在，不需要更新
商品已经存在，不需要更新
商品已经存在，不需要更新
商品已经存在，不需要更新
商品已经存在，不需要更新
商品已经存在，不需要更新
商品已经存在，不需要更新
商品已经存在，不需要更新
商品已经存在，不需要更新
商品已经存在，不需要更新
商品已经存在，不需要更新
商品已经存在，不需要更新
商品已经存在，不需要更新
商品已经存在，不需要更新
商品已经存在，不需要更新
商品已经存在，不需要更新
商品已经存在，不需要更新
商品已经存在，不需要更新
商品已经存在，不需要更新
商品已经存在，不需要更新
商品已经存在，不需要更新
商品已经存在，不需要更新
商品已经存在，不需要更新
商品已经存在，不需要更新
商品已经存在，不需要更新
商品已经存在，不需要更新
商品已经存在，不需要更新
商品已经存在，不需要更新
商品已经存在，不需要更新
商品已经存在，不需要更新
商品已经存在，不需要更新
商品已经存在，不需要更新
商品已经存在，不需要更新
商品已经存在，不需要更新
商品已经存在，不需要更新
商品已经存在，不需要更新
商品已经存在，不需要更新
商品已经存在，不需要更新
商品已经存在，不需要更新
商品已经存在，不需要更新
商品已经存在，不需要更新
商品已经存在，不需要更新
商品已经存在，不需要更新
商品已经存在，不需要更新
商品已经存在，不需要更新
商品已经存在，不需要更新
商品已经存在，不需要更新
商品已经存在，不需要更新
商品已经存在，不需要更新
商品已经存在，不需要更新
商品已经存在，不需要更新
商品已经存在，不需要更新
商品已经存在，不需要更新
商品已经存在，不需要更新
商品已经存在，不需要更新
商品已经存在，不需要更新
商品已经存在，不需要更新
商品已经存在，不需要更新
商品已经存在，不需要更新
商品已经存在，不需要更新
商品已经存在，不需要更新
商品已经存在，不需要更新
商品已经存在，不需要更新
商品已经存在，不需要更新
商品已经存在，不需要更新
商品已经存在，不需要更新
商品已经存在，不需要更新
商品已经存在，不需要更新
商品已经存在，不需要更新
商品已经存在，不需要更新
商品已经存在，不需要更新
商品已经存在，不需要更新
商品已经存在，不需要更新
商品已经存在，不需要更新
商品已经存在，不需要更新
商品已经存在，不需要更新
商品已经存在，不需要更新
商品已经存在，不需要更新
商品已经存在，不需要更新
商品已经存在，不需要更新
商品已经存在，不需要更新
商品已经存在，不需要更新
商品已经存在，不需要更新
商品已经存在，不需要更新
商品已经存在，不需要更新
商品已经存在，不需要更新
商品已经存在，不需要更新
商品已经存在，不需要更新
商品已经存在，不需要更新
商品已经存在，不需要更新
商品已经存在，不需要更新
商品已经存在，不需要更新
商品已经存在，不需要更新
商品已经存在，不需要更新
商品已经存在，不需要更新
商品已经存在，不需要更新
商品已经存在，不需要更新
商品已经存在，不需要更新
商品已经存在，不需要更新
商品已经存在，不需要更新
商品已经存在，不需要更新
商品已经存在，不需要更新
商品已经存在，不需要更新
商品已经存在，不需要更新
商品已经存在，不需要更新
商品已经存在，不需要更新
商品已经存在，不需要更新
商品已经存在，不需要更新
商品已经存在，不需要更新
商品已经存在，不需要更新
商品已经存在，不需要更新
商品已经存在，不需要更新
商品已经存在，不需要更新
商品已经存在，不需要更新
商品已经存在，不需要更新
商品已经存在，不需要更新
商品已经存在，不需要更新
商品已经存在，不需要更新
商品已经存在，不需要更新
商品已经存在，不需要更新
商品已经存在，不需要更新
商品已经存在，不需要更新
商品已经存在，不需要更新
商品已经存在，不需要更新
商品已经存在，不需要更新
商品已经存在，不需要更新
商品已经存在，不需要更新
商品已经存在，不需要更新
商品已经存在，不需要更新
商品已经存在，不需要更新
商品已经存在，不需要更新
商品已经存在，不需要更新
商品已经存在，不需要更新
商品已经存在，不需要更新
商品已经存在，不需要更新
商品已经存在，不需要更新
商品已经存在，不需要更新
商品已经存在，不需要更新
商品已经存在，不需要更新
商品已经存在，不需要更新
商品已经存在，不需要更新
商品已经存在，不需要更新
商品已经存在，不需要更新
商品已经存在，不需要更新
商品已经存在，不需要更新
商品已经存在，不需要更新
商品已经存在，不需要更新
商品已经存在，不需要更新
商品已经存在，不需要更新
商品已经存在，不需要更新
商品已经存在，不需要更新
商品已经存在，不需要更新
商品已经存在，不需要更新
商品已经存在，不需要更新
商品已经存在，不需要更新
商品已经存在，不需要更新
商品已经存在，不需要更新
商品已经存在，不需要更新
商品已经存在，不需要更新
商品已经存在，不需要更新
商品已经存在，不需要更新
商品已经存在，不需要更新
商品已经存在，不需要更新
商品已经存在，不需要更新
商品已经存在，不需要更新
商品已经存在，不需要更新
商品已经存在，不需要更新
商品已经存在，不需要更新
商品已经存在，不需要更新
商品已经存在，不需要更新
商品已经存在，不需要更新
商品已经存在，不需要更新
商品已经存在，不需要更新
商品已经存在，不需要更新
商品已经存在，不需要更新
商品已经存在，不需要更新
商品已经存在，不需要更新
商品已经存在，不需要更新
商品已经存在，不需要更新
商品已经存在，不需要更新
商品已经存在，不需要更新
商品已经存在，不需要更新
商品已经存在，不需要更新
商品已经存在，不需要更新
商品已经存在，不需要更新
商品已经存在，不需要更新
商品已经存在，不需要更新
商品已经存在，不需要更新
商品已经存在，不需要更新
商品已经存在，不需要更新
商品已经存在，不需要更新
商品已经存在，不需要更新
商品已经存在，不需要更新
商品已经存在，不需要更新
商品已经存在，不需要更新
商品已经存在，不需要更新
商品已经存在，不需要更新
商品已经存在，不需要更新
商品已经存在，不需要更新
商品已经存在，不需要更新
商品已经存在，不需要更新
商品已经存在，不需要更新
商品已经存在，不需要更新
商品已经存在，不需要更新
商品已经存在，不需要更新
商品已经存在，不需要更新
商品已经存在，不需要更新
商品已经存在，不需要更新
商品已经存在，不需要更新
商品已经存在，不需要更新
商品已经存在，不需要更新
商品已经存在，不需要更新
商品已经存在，不需要更新
商品已经存在，不需要更新
商品已经存在，不需要更新
商品已经存在，不需要更新
商品已经存在，不需要更新
商品已经存在，不需要更新
商品已经存在，不需要更新
商品已经存在，不需要更新
商品已经存在，不需要更新
商品已经存在，不需要更新
商品已经存在，不需要更新
商品已经存在，不需要更新
商品已经存在，不需要更新
商品已经存在，不需要更新
商品已经存在，不需要更新
商品已经存在，不需要更新
商品已经存在，不需要更新
商品已经存在，不需要更新
商品已经存在，不需要更新
商品已经存在，不需要更新
商品已经存在，不需要更新
商品已经存在，不需要更新
商品已经存在，不需要更新
商品已经存在，不需要更新
商品已经存在，不需要更新
商品已经存在，不需要更新
商品已经存在，不需要更新
商品已经存在，不需要更新
商品已经存在，不需要更新
商品已经存在，不需要更新
商品已经存在，不需要更新
商品已经存在，不需要更新
商品已经存在，不需要更新
商品已经存在，不需要更新
商品已经存在，不需要更新
商品已经存在，不需要更新
商品已经存在，不需要更新
商品已经存在，不需要更新
商品已经存在，不需要更新
商品已经存在，不需要更新
商品已经存在，不需要更新
商品已经存在，不需要更新
商品已经存在，不需要更新
商品已经存在，不需要更新
商品已经存在，不需要更新
商品已经存在，不需要更新
商品已经存在，不需要更新
商品已经存在，不需要更新
商品已经存在，不需要更新
商品已经存在，不需要更新
商品已经存在，不需要更新
商品已经存在，不需要更新
商品已经存在，不需要更新
商品已经存在，不需要更新
商品已经存在，不需要更新
商品已经存在，不需要更新
商品已经存在，不需要更新
商品已经存在，不需要更新
商品已经存在，不需要更新
商品已经存在，不需要更新
商品已经存在，不需要更新
商品已经存在，不需要更新
商品已经存在，不需要更新
商品已经存在，不需要更新
商品已经存在，不需要更新
商品已经存在，不需要更新
商品已经存在，不需要更新
商品已经存在，不需要更新
商品已经存在，不需要更新
商品已经存在，不需要更新
商品已经存在，不需要更新
商品已经存在，不需要更新
商品已经存在，不需要更新
商品已经存在，不需要更新
商品已经存在，不需要更新
商品已经存在，不需要更新
商品已经存在，不需要更新
商品已经存在，不需要更新
商品已经存在，不需要更新
商品已经存在，不需要更新
商品已经存在，不需要更新
商品已经存在，不需要更新
商品已经存在，不需要更新
商品已经存在，不需要更新
商品已经存在，不需要更新
商品已经存在，不需要更新
商品已经存在，不需要更新
商品已经存在，不需要更新
商品已经存在，不需要更新
商品已经存在，不需要更新
商品已经存在，不需要更新
商品已经存在，不需要更新
商品已经存在，不需要更新
商品已经存在，不需要更新
商品已经存在，不需要更新
商品已经存在，不需要更新
商品已经存在，不需要更新
商品已经存在，不需要更新
商品已经存在，不需要更新
商品已经存在，不需要更新
商品已经存在，不需要更新
商品已经存在，不需要更新
商品已经存在，不需要更新
商品已经存在，不需要更新
商品已经存在，不需要更新
商品已经存在，不需要更新
商品已经存在，不需要更新
商品已经存在，不需要更新
商品已经存在，不需要更新
商品已经存在，不需要更新
商品已经存在，不需要更新
商品已经存在，不需要更新
商品已经存在，不需要更新
商品已经存在，不需要更新
商品已经存在，不需要更新
商品已经存在，不需要更新
商品已经存在，不需要更新
商品已经存在，不需要更新
商品已经存在，不需要更新
商品已经存在，不需要更新
商品已经存在，不需要更新
商品已经存在，不需要更新
商品已经存在，不需要更新
商品已经存在，不需要更新
商品已经存在，不需要更新
商品已经存在，不需要更新
商品已经存在，不需要更新
商品已经存在，不需要更新
商品已经存在，不需要更新
商品已经存在，不需要更新
商品已经存在，不需要更新
商品已经存在，不需要更新
商品已经存在，不需要更新
商品已经存在，不需要更新
商品已经存在，不需要更新
商品已经存在，不需要更新
商品已经存在，不需要更新
商品已经存在，不需要更新
商品已经存在，不需要更新
商品已经存在，不需要更新
商品已经存在，不需要更新
商品已经存在，不需要更新
商品已经存在，不需要更新
商品已经存在，不需要更新
商品已经存在，不需要更新
商品已经存在，不需要更新
商品已经存在，不需要更新
商品已经存在，不需要更新
商品已经存在，不需要更新
商品已经存在，不需要更新
商品已经存在，不需要更新
商品已经存在，不需要更新
商品已经存在，不需要更新
商品已经存在，不需要更新
商品已经存在，不需要更新
商品已经存在，不需要更新
商品已经存在，不需要更新
商品已经存在，不需要更新
商品已经存在，不需要更新
商品已经存在，不需要更新
商品已经存在，不需要更新
商品已经存在，不需要更新
商品已经存在，不需要更新
商品已经存在，不需要更新
商品已经存在，不需要更新
商品已经存在，不需要更新
商品已经存在，不需要更新
商品已经存在，不需要更新
商品已经存在，不需要更新
商品已经存在，不需要更新
商品已经存在，不需要更新
商品已经存在，不需要更新
商品已经存在，不需要更新
商品已经存在，不需要更新
商品已经存在，不需要更新
商品已经存在，不需要更新
商品已经存在，不需要更新
商品已经存在，不需要更新
商品已经存在，不需要更新
商品已经存在，不需要更新
商品已经存在，不需要更新
商品已经存在，不需要更新
商品已经存在，不需要更新
商品已经存在，不需要更新
商品已经存在，不需要更新
商品已经存在，不需要更新
商品已经存在，不需要更新
商品已经存在，不需要更新
商品已经存在，不需要更新
商品已经存在，不需要更新
商品已经存在，不需要更新
商品已经存在，不需要更新
商品已经存在，不需要更新
商品已经存在，不需要更新
商品已经存在，不需要更新
商品已经存在，不需要更新
商品已经存在，不需要更新
商品已经存在，不需要更新
商品已经存在，不需要更新
商品已经存在，不需要更新
商品已经存在，不需要更新
商品已经存在，不需要更新
商品已经存在，不需要更新
商品已经存在，不需要更新
商品已经存在，不需要更新
商品已经存在，不需要更新
商品已经存在，不需要更新
商品已经存在，不需要更新
商品已经存在，不需要更新
商品已经存在，不需要更新
商品已经存在，不需要更新
商品已经存在，不需要更新
商品已经存在，不需要更新
商品已经存在，不需要更新
商品已经存在，不需要更新
商品已经存在，不需要更新
商品已经存在，不需要更新
商品已经存在，不需要更新
商品已经存在，不需要更新
商品已经存在，不需要更新
商品已经存在，不需要更新
商品已经存在，不需要更新
商品已经存在，不需要更新
商品已经存在，不需要更新
商品已经存在，不需要更新
商品已经存在，不需要更新
商品已经存在，不需要更新
商品已经存在，不需要更新
商品已经存在，不需要更新
商品已经存在，不需要更新
商品已经存在，不需要更新
商品已经存在，不需要更新
商品已经存在，不需要更新
商品已经存在，不需要更新
商品已经存在，不需要更新
商品已经存在，不需要更新
商品已经存在，不需要更新
商品已经存在，不需要更新
商品已经存在，不需要更新
商品已经存在，不需要更新
商品已经存在，不需要更新
商品已经存在，不需要更新
商品已经存在，不需要更新
商品已经存在，不需要更新
商品已经存在，不需要更新
商品已经存在，不需要更新
商品已经存在，不需要更新
商品已经存在，不需要更新
商品已经存在，不需要更新
商品已经存在，不需要更新
商品已经存在，不需要更新
商品已经存在，不需要更新
商品已经存在，不需要更新
商品已经存在，不需要更新
商品已经存在，不需要更新
商品已经存在，不需要更新
商品已经存在，不需要更新
商品已经存在，不需要更新
商品已经存在，不需要更新
商品已经存在，不需要更新
商品已经存在，不需要更新
商品已经存在，不需要更新
商品已经存在，不需要更新
商品已经存在，不需要更新
商品已经存在，不需要更新
商品已经存在，不需要更新
商品已经存在，不需要更新
商品已经存在，不需要更新
商品已经存在，不需要更新
商品已经存在，不需要更新
商品已经存在，不需要更新
商品已经存在，不需要更新
商品已经存在，不需要更新
商品已经存在，不需要更新
商品已经存在，不需要更新
商品已经存在，不需要更新
商品已经存在，不需要更新
商品已经存在，不需要更新
商品已经存在，不需要更新
商品已经存在，不需要更新
商品已经存在，不需要更新
商品已经存在，不需要更新
商品已经存在，不需要更新
商品已经存在，不需要更新
商品已经存在，不需要更新
商品已经存在，不需要更新
商品已经存在，不需要更新
商品已经存在，不需要更新
商品已经存在，不需要更新
商品已经存在，不需要更新
商品已经存在，不需要更新
商品已经存在，不需要更新
商品已经存在，不需要更新
商品已经存在，不需要更新
商品已经存在，不需要更新
商品已经存在，不需要更新
商品已经存在，不需要更新
商品已经存在，不需要更新
商品已经存在，不需要更新
商品已经存在，不需要更新
商品已经存在，不需要更新
商品已经存在，不需要更新
商品已经存在，不需要更新
商品已经存在，不需要更新
商品已经存在，不需要更新
商品已经存在，不需要更新
商品已经存在，不需要更新
商品已经存在，不需要更新
商品已经存在，不需要更新
商品已经存在，不需要更新
商品已经存在，不需要更新
商品已经存在，不需要更新
商品已经存在，不需要更新
商品已经存在，不需要更新
商品已经存在，不需要更新
商品已经存在，不需要更新
商品已经存在，不需要更新
商品已经存在，不需要更新
商品已经存在，不需要更新
商品已经存在，不需要更新
商品已经存在，不需要更新
商品已经存在，不需要更新
商品已经存在，不需要更新
商品已经存在，不需要更新
商品已经存在，不需要更新
商品已经存在，不需要更新
商品已经存在，不需要更新
商品已经存在，不需要更新
商品已经存在，不需要更新
商品已经存在，不需要更新
商品已经存在，不需要更新
商品已经存在，不需要更新
商品已经存在，不需要更新
商品已经存在，不需要更新
商品已经存在，不需要更新
商品已经存在，不需要更新
商品已经存在，不需要更新
商品已经存在，不需要更新
商品已经存在，不需要更新
商品已经存在，不需要更新
商品已经存在，不需要更新
商品已经存在，不需要更新
商品已经存在，不需要更新
商品已经存在，不需要更新
商品已经存在，不需要更新
商品已经存在，不需要更新
商品已经存在，不需要更新
商品已经存在，不需要更新
商品已经存在，不需要更新
商品已经存在，不需要更新
商品已经存在，不需要更新
商品已经存在，不需要更新
商品已经存在，不需要更新
商品已经存在，不需要更新
商品已经存在，不需要更新
商品已经存在，不需要更新
商品已经存在，不需要更新
商品已经存在，不需要更新
商品已经存在，不需要更新
商品已经存在，不需要更新
商品已经存在，不需要更新
商品已经存在，不需要更新
商品已经存在，不需要更新
商品已经存在，不需要更新
商品已经存在，不需要更新
商品已经存在，不需要更新
商品已经存在，不需要更新
商品已经存在，不需要更新
商品已经存在，不需要更新
商品已经存在，不需要更新
商品已经存在，不需要更新
商品已经存在，不需要更新
商品已经存在，不需要更新
商品已经存在，不需要更新
商品已经存在，不需要更新
商品已经存在，不需要更新
商品已经存在，不需要更新
商品已经存在，不需要更新
商品已经存在，不需要更新
商品已经存在，不需要更新
商品已经存在，不需要更新
商品已经存在，不需要更新
商品已经存在，不需要更新
商品已经存在，不需要更新
商品已经存在，不需要更新
商品已经存在，不需要更新
商品已经存在，不需要更新
商品已经存在，不需要更新
商品已经存在，不需要更新
商品已经存在，不需要更新
商品已经存在，不需要更新
商品已经存在，不需要更新
商品已经存在，不需要更新
商品已经存在，不需要更新
商品已经存在，不需要更新
商品已经存在，不需要更新
商品已经存在，不需要更新
商品已经存在，不需要更新
商品已经存在，不需要更新
商品已经存在，不需要更新
商品已经存在，不需要更新
商品已经存在，不需要更新
商品已经存在，不需要更新
商品已经存在，不需要更新
商品已经存在，不需要更新
商品已经存在，不需要更新
商品已经存在，不需要更新
商品已经存在，不需要更新
商品已经存在，不需要更新
商品已经存在，不需要更新
商品已经存在，不需要更新
商品已经存在，不需要更新
商品已经存在，不需要更新
商品已经存在，不需要更新
商品已经存在，不需要更新
商品已经存在，不需要更新
商品已经存在，不需要更新
商品已经存在，不需要更新
商品已经存在，不需要更新
商品已经存在，不需要更新
商品已经存在，不需要更新
商品已经存在，不需要更新
商品已经存在，不需要更新
商品已经存在，不需要更新
商品已经存在，不需要更新
商品已经存在，不需要更新
商品已经存在，不需要更新
商品已经存在，不需要更新
商品已经存在，不需要更新
商品已经存在，不需要更新
商品已经存在，不需要更新
商品已经存在，不需要更新
商品已经存在，不需要更新
Using proxy: 180.123.197.53:8089
商品已经存在，不需要更新
商品已经存在，不需要更新
商品已经存在，不需要更新
商品已经存在，不需要更新
商品已经存在，不需要更新
商品已经存在，不需要更新
商品已经存在，不需要更新
商品已经存在，不需要更新
商品已经存在，不需要更新
商品已经存在，不需要更新
商品已经存在，不需要更新
商品已经存在，不需要更新
商品已经存在，不需要更新
商品已经存在，不需要更新
商品已经存在，不需要更新
商品已经存在，不需要更新
商品已经存在，不需要更新
商品已经存在，不需要更新
商品已经存在，不需要更新
商品已经存在，不需要更新
商品已经存在，不需要更新
商品已经存在，不需要更新
商品已经存在，不需要更新
商品已经存在，不需要更新
商品已经存在，不需要更新
商品已经存在，不需要更新
商品已经存在，不需要更新
商品已经存在，不需要更新
商品已经存在，不需要更新
商品已经存在，不需要更新
商品已经存在，不需要更新
商品已经存在，不需要更新
商品已经存在，不需要更新
商品已经存在，不需要更新
商品已经存在，不需要更新
商品已经存在，不需要更新
商品已经存在，不需要更新
商品已经存在，不需要更新
商品已经存在，不需要更新
商品已经存在，不需要更新
商品已经存在，不需要更新
商品已经存在，不需要更新
商品已经存在，不需要更新
商品已经存在，不需要更新
商品已经存在，不需要更新
商品已经存在，不需要更新
商品已经存在，不需要更新
商品已经存在，不需要更新
商品已经存在，不需要更新
商品已经存在，不需要更新
商品已经存在，不需要更新
商品已经存在，不需要更新
商品已经存在，不需要更新
商品已经存在，不需要更新
商品已经存在，不需要更新
商品已经存在，不需要更新
商品已经存在，不需要更新
商品已经存在，不需要更新
Using proxy: 180.123.197.53:8089
商品已经存在，不需要更新
商品已经存在，不需要更新
商品已经存在，不需要更新
商品已经存在，不需要更新
商品已经存在，不需要更新
商品已经存在，不需要更新
商品已经存在，不需要更新
商品已经存在，不需要更新
商品已经存在，不需要更新
商品已经存在，不需要更新
商品已经存在，不需要更新
商品已经存在，不需要更新
商品已经存在，不需要更新
商品已经存在，不需要更新
商品已经存在，不需要更新
商品已经存在，不需要更新
商品已经存在，不需要更新
商品已经存在，不需要更新
商品已经存在，不需要更新
商品已经存在，不需要更新
商品已经存在，不需要更新
商品已经存在，不需要更新
商品已经存在，不需要更新
商品已经存在，不需要更新
商品已经存在，不需要更新
商品已经存在，不需要更新
商品已经存在，不需要更新
商品已经存在，不需要更新
商品已经存在，不需要更新
商品已经存在，不需要更新
商品已经存在，不需要更新
商品已经存在，不需要更新
商品已经存在，不需要更新
商品已经存在，不需要更新
商品已经存在，不需要更新
商品已经存在，不需要更新
商品已经存在，不需要更新
商品已经存在，不需要更新
商品已经存在，不需要更新
商品已经存在，不需要更新
商品已经存在，不需要更新
商品已经存在，不需要更新
商品已经存在，不需要更新
商品已经存在，不需要更新
商品已经存在，不需要更新
商品已经存在，不需要更新
商品已经存在，不需要更新
商品已经存在，不需要更新
商品已经存在，不需要更新
商品已经存在，不需要更新
商品已经存在，不需要更新
商品已经存在，不需要更新
商品已经存在，不需要更新
商品已经存在，不需要更新
商品已经存在，不需要更新
商品已经存在，不需要更新
商品已经存在，不需要更新
商品已经存在，不需要更新
商品已经存在，不需要更新
商品已经存在，不需要更新
商品已经存在，不需要更新
商品已经存在，不需要更新
Using proxy: 180.123.197.53:8089
商品已经存在，不需要更新
商品已经存在，不需要更新
商品已经存在，不需要更新
商品已经存在，不需要更新
商品已经存在，不需要更新
商品已经存在，不需要更新
商品已经存在，不需要更新
商品已经存在，不需要更新
商品已经存在，不需要更新
商品已经存在，不需要更新
商品已经存在，不需要更新
商品已经存在，不需要更新
商品已经存在，不需要更新
商品已经存在，不需要更新
商品已经存在，不需要更新
商品已经存在，不需要更新
商品已经存在，不需要更新
商品已经存在，不需要更新
商品已经存在，不需要更新
商品已经存在，不需要更新
商品已经存在，不需要更新
商品已经存在，不需要更新
商品已经存在，不需要更新
商品已经存在，不需要更新
商品已经存在，不需要更新
商品已经存在，不需要更新
商品已经存在，不需要更新
商品已经存在，不需要更新
商品已经存在，不需要更新
商品已经存在，不需要更新
商品已经存在，不需要更新
商品已经存在，不需要更新
商品已经存在，不需要更新
商品已经存在，不需要更新
商品已经存在，不需要更新
商品已经存在，不需要更新
商品已经存在，不需要更新
商品已经存在，不需要更新
商品已经存在，不需要更新
商品已经存在，不需要更新
商品已经存在，不需要更新
商品已经存在，不需要更新
商品已经存在，不需要更新
商品已经存在，不需要更新
商品已经存在，不需要更新
商品已经存在，不需要更新
商品已经存在，不需要更新
Using proxy: 180.123.197.53:8089
商品已经存在，不需要更新
商品已经存在，不需要更新
商品已经存在，不需要更新
商品已经存在，不需要更新
商品已经存在，不需要更新
商品已经存在，不需要更新
商品已经存在，不需要更新
商品已经存在，不需要更新
商品已经存在，不需要更新
商品已经存在，不需要更新
商品已经存在，不需要更新
商品已经存在，不需要更新
商品已经存在，不需要更新
商品已经存在，不需要更新
商品已经存在，不需要更新
商品已经存在，不需要更新
商品已经存在，不需要更新
商品已经存在，不需要更新
商品已经存在，不需要更新
商品已经存在，不需要更新
商品已经存在，不需要更新
商品已经存在，不需要更新
商品已经存在，不需要更新
商品已经存在，不需要更新
商品已经存在，不需要更新
商品已经存在，不需要更新
商品已经存在，不需要更新
商品已经存在，不需要更新
商品已经存在，不需要更新
商品已经存在，不需要更新
商品已经存在，不需要更新
商品已经存在，不需要更新
商品已经存在，不需要更新
商品已经存在，不需要更新
商品已经存在，不需要更新
商品已经存在，不需要更新
商品已经存在，不需要更新
商品已经存在，不需要更新
商品已经存在，不需要更新
商品已经存在，不需要更新
商品已经存在，不需要更新
商品已经存在，不需要更新
商品已经存在，不需要更新
商品已经存在，不需要更新
商品已经存在，不需要更新
商品已经存在，不需要更新
商品已经存在，不需要更新
商品已经存在，不需要更新
商品已经存在，不需要更新
商品已经存在，不需要更新
商品已经存在，不需要更新
Using proxy: 180.123.197.53:8089
商品已经存在，不需要更新
商品已经存在，不需要更新
商品已经存在，不需要更新
商品已经存在，不需要更新
商品已经存在，不需要更新
商品已经存在，不需要更新
商品已经存在，不需要更新
商品已经存在，不需要更新
商品已经存在，不需要更新
商品已经存在，不需要更新
商品已经存在，不需要更新
商品已经存在，不需要更新
商品已经存在，不需要更新
商品已经存在，不需要更新
商品已经存在，不需要更新
商品已经存在，不需要更新
商品已经存在，不需要更新
商品已经存在，不需要更新
商品已经存在，不需要更新
商品已经存在，不需要更新
商品已经存在，不需要更新
商品已经存在，不需要更新
商品已经存在，不需要更新
商品已经存在，不需要更新
商品已经存在，不需要更新
商品已经存在，不需要更新
商品已经存在，不需要更新
商品已经存在，不需要更新
商品已经存在，不需要更新
商品已经存在，不需要更新
商品已经存在，不需要更新
商品已经存在，不需要更新
商品已经存在，不需要更新
商品已经存在，不需要更新
商品已经存在，不需要更新
商品已经存在，不需要更新
商品已经存在，不需要更新
商品已经存在，不需要更新
商品已经存在，不需要更新
商品已经存在，不需要更新
商品已经存在，不需要更新
Using proxy: 180.123.197.53:8089
Using proxy: 180.123.197.53:8089
设置完成,商品X000007664已经存入redis中
设置完成,商品X000007428已经存入redis中
Using proxy: 180.123.197.53:8089
设置完成,商品X000006370已经存入redis中
Using proxy: 180.123.197.53:8089
设置完成,商品X000004886已经存入redis中
Using proxy: 180.123.197.53:8089
设置完成,商品X000005254已经存入redis中
Using proxy: 180.123.197.53:8089
Using proxy: 180.123.197.53:8089
设置完成,商品X000006641已经存入redis中
Using proxy: 180.123.197.53:8089
设置完成,商品X000006657已经存入redis中
Using proxy: 180.123.197.53:8089
Using proxy: 180.123.197.53:8089
Using proxy: 180.123.197.53:8089
设置完成,商品X000007037已经存入redis中
Using proxy: 180.123.197.53:8089
设置完成,商品X000005435已经存入redis中
Using proxy: 180.123.197.53:8089
Using proxy: 180.123.197.53:8089
Using proxy: 180.123.197.53:8089
设置完成,商品X000006769已经存入redis中
Using proxy: 180.123.197.53:8089
Using proxy: 180.123.197.53:8089
Using proxy: 180.123.197.53:8089
设置完成,商品X000006411已经存入redis中
Using proxy: 180.123.197.53:8089
Using proxy: 180.123.197.53:8089
设置完成,商品X000007516已经存入redis中
Using proxy: 180.123.197.53:8089
Using proxy: 180.123.197.53:8089
设置完成,商品X000004628已经存入redis中
Using proxy: 180.123.197.53:8089
Using proxy: 180.123.197.53:8089
设置完成,商品X000006948已经存入redis中
Using proxy: 180.123.197.53:8089
设置完成,商品X000007044已经存入redis中
Using proxy: 180.123.197.53:8089
设置完成,商品X000006300已经存入redis中
Using proxy: 180.123.197.53:8089
设置完成,商品X000006067已经存入redis中
Using proxy: 180.123.197.53:8089
设置完成,商品X000005572已经存入redis中
Using proxy: 180.123.197.53:8089
Using proxy: 180.123.197.53:8089
设置完成,商品X000006332已经存入redis中
Using proxy: 180.123.197.53:8089
Using proxy: 180.123.197.53:8089
设置完成,商品X000005465已经存入redis中
Using proxy: 180.123.197.53:8089
设置完成,商品X000007307已经存入redis中
Using proxy: 180.123.197.53:8089
Using proxy: 180.123.197.53:8089
设置完成,商品X000004942已经存入redis中
设置完成,商品X000007174已经存入redis中
Using proxy: 180.123.197.53:8089
设置完成,商品X000005817已经存入redis中
Using proxy: 180.123.197.53:8089
设置完成,商品X000007327已经存入redis中
Using proxy: 180.123.197.53:8089
设置完成,商品X000007517已经存入redis中
Using proxy: 180.123.197.53:8089
Using proxy: 180.123.197.53:8089
设置完成,商品X000006808已经存入redis中
Using proxy: 180.123.197.53:8089
Using proxy: 180.123.197.53:8089
Using proxy: 180.123.197.53:8089
Using proxy: 180.123.197.53:8089
Using proxy: 180.123.197.53:8089
Using proxy: 180.123.197.53:8089
Using proxy: 180.123.197.53:8089
Using proxy: 180.123.197.53:8089
Using proxy: 180.123.197.53:8089
Using proxy: 180.123.197.53:8089
Using proxy: 180.123.197.53:8089
Using proxy: 180.123.197.53:8089
Using proxy: 180.123.197.53:8089
Using proxy: 180.123.197.53:8089
Using proxy: 180.123.197.53:8089
Using proxy: 180.123.197.53:8089
Using proxy: 180.123.197.53:8089
Using proxy: 180.123.197.53:8089
Using proxy: 180.123.197.53:8089
Using proxy: 180.123.197.53:8089
Using proxy: 180.123.197.53:8089
Using proxy: 180.123.197.53:8089
Using proxy: 180.123.197.53:8089
Using proxy: 180.123.197.53:8089
Using proxy: 180.123.197.53:8089
Using proxy: 180.123.197.53:8089
Using proxy: 180.123.197.53:8089
Using proxy: 180.123.197.53:8089
Using proxy: 180.123.197.53:8089
Using proxy: 180.123.197.53:8089
Using proxy: 180.123.197.53:8089
Using proxy: 180.123.197.53:8089
Using proxy: 180.123.197.53:8089
Using proxy: 180.123.197.53:8089
Using proxy: 180.123.197.53:8089
Using proxy: 180.123.197.53:8089
Using proxy: 180.123.197.53:8089
Using proxy: 180.123.197.53:8089
Using proxy: 180.123.197.53:8089
Using proxy: 180.123.197.53:8089
Using proxy: 180.123.197.53:8089
Using proxy: 180.123.197.53:8089
Using proxy: 180.123.197.53:8089
Using proxy: 180.123.197.53:8089
Using proxy: 180.123.197.53:8089
Using proxy: 180.123.197.53:8089
Using proxy: 180.123.197.53:8089
Using proxy: 180.123.197.53:8089
Using proxy: 180.123.197.53:8089
Using proxy: 180.123.197.53:8089
Using proxy: 180.123.197.53:8089
Using proxy: 180.123.197.53:8089
Using proxy: 180.123.197.53:8089
Using proxy: 180.123.197.53:8089
Using proxy: 180.123.197.53:8089
Using proxy: 180.123.197.53:8089
Using proxy: 180.123.197.53:8089
Using proxy: 180.123.197.53:8089
Using proxy: 180.123.197.53:8089
Using proxy: 180.123.197.53:8089
Using proxy: 180.123.197.53:8089
Using proxy: 180.123.197.53:8089
Using proxy: 180.123.197.53:8089
Using proxy: 180.123.197.53:8089
Using proxy: 180.123.197.53:8089
Using proxy: 180.123.197.53:8089
Using proxy: 180.123.197.53:8089
Using proxy: 180.123.197.53:8089
Using proxy: 180.123.197.53:8089
Using proxy: 180.123.197.53:8089
Using proxy: 180.123.197.53:8089
Using proxy: 180.123.197.53:8089
Using proxy: 180.123.197.53:8089
Using proxy: 180.123.197.53:8089
Using proxy: 180.123.197.53:8089
Using proxy: 180.123.197.53:8089
Using proxy: 180.123.197.53:8089
Using proxy: 180.123.197.53:8089
Using proxy: 180.123.197.53:8089
Using proxy: 180.123.197.53:8089
Using proxy: 180.123.197.53:8089
Using proxy: 180.123.197.53:8089
Using proxy: 180.123.197.53:8089
Using proxy: 180.123.197.53:8089
Using proxy: 180.123.197.53:8089
Using proxy: 180.123.197.53:8089
Using proxy: 180.123.197.53:8089
Using proxy: 180.123.197.53:8089
Using proxy: 180.123.197.53:8089
Using proxy: 180.123.197.53:8089
Using proxy: 180.123.197.53:8089
Using proxy: 180.123.197.53:8089
Using proxy: 180.123.197.53:8089
Using proxy: 180.123.197.53:8089
Using proxy: 180.123.197.53:8089
Using proxy: 180.123.197.53:8089
Using proxy: 180.123.197.53:8089
Using proxy: 180.123.197.53:8089
Using proxy: 180.123.197.53:8089
Using proxy: 180.123.197.53:8089
Using proxy: 180.123.197.53:8089
Using proxy: 180.123.197.53:8089
Using proxy: 180.123.197.53:8089
Using proxy: 180.123.197.53:8089
Using proxy: 180.123.197.53:8089
Using proxy: 180.123.197.53:8089
Using proxy: 180.123.197.53:8089
Using proxy: 180.123.197.53:8089
Using proxy: 180.123.197.53:8089
Using proxy: 180.123.197.53:8089
Using proxy: 180.123.197.53:8089
Using proxy: 180.123.197.53:8089
Using proxy: 180.123.197.53:8089
Using proxy: 180.123.197.53:8089
Using proxy: 180.123.197.53:8089
Using proxy: 180.123.197.53:8089
Using proxy: 180.123.197.53:8089
Using proxy: 180.123.197.53:8089
Using proxy: 180.123.197.53:8089
Using proxy: 180.123.197.53:8089
Using proxy: 180.123.197.53:8089
Using proxy: 180.123.197.53:8089
Using proxy: 180.123.197.53:8089
Using proxy: 180.123.197.53:8089
Using proxy: 180.123.197.53:8089
Using proxy: 180.123.197.53:8089
Using proxy: 180.123.197.53:8089
Using proxy: 180.123.197.53:8089
Using proxy: 180.123.197.53:8089
Using proxy: 180.123.197.53:8089
Using proxy: 180.123.197.53:8089
Using proxy: 180.123.197.53:8089
Using proxy: 180.123.197.53:8089
Using proxy: 180.123.197.53:8089
Using proxy: 180.123.197.53:8089
Using proxy: 180.123.197.53:8089
Using proxy: 180.123.197.53:8089
Using proxy: 180.123.197.53:8089
Using proxy: 180.123.197.53:8089
Using proxy: 180.123.197.53:8089
Using proxy: 180.123.197.53:8089
Using proxy: 180.123.197.53:8089
Using proxy: 180.123.197.53:8089
Using proxy: 180.123.197.53:8089
Using proxy: 180.123.197.53:8089
Using proxy: 180.123.197.53:8089
Using proxy: 180.123.197.53:8089
Using proxy: 180.123.197.53:8089
Using proxy: 180.123.197.53:8089
Using proxy: 180.123.197.53:8089
Using proxy: 180.123.197.53:8089
Using proxy: 180.123.197.53:8089
Using proxy: 180.123.197.53:8089
Using proxy: 180.123.197.53:8089
Using proxy: 180.123.197.53:8089
Using proxy: 180.123.197.53:8089
Using proxy: 180.123.197.53:8089
Using proxy: 180.123.197.53:8089
Using proxy: 180.123.197.53:8089
Using proxy: 180.123.197.53:8089
Using proxy: 180.123.197.53:8089
Using proxy: 180.123.197.53:8089
Using proxy: 180.123.197.53:8089
Using proxy: 180.123.197.53:8089
Using proxy: 180.123.197.53:8089
Using proxy: 180.123.197.53:8089
Using proxy: 180.123.197.53:8089
Using proxy: 180.123.197.53:8089
Using proxy: 180.123.197.53:8089
Using proxy: 180.123.197.53:8089
Using proxy: 180.123.197.53:8089
Using proxy: 180.123.197.53:8089
Using proxy: 180.123.197.53:8089
Using proxy: 180.123.197.53:8089
Using proxy: 180.123.197.53:8089
Using proxy: 180.123.197.53:8089
Using proxy: 180.123.197.53:8089
Using proxy: 180.123.197.53:8089
Using proxy: 180.123.197.53:8089
Using proxy: 180.123.197.53:8089
Using proxy: 180.123.197.53:8089
Using proxy: 180.123.197.53:8089
Using proxy: 180.123.197.53:8089
Using proxy: 180.123.197.53:8089
Using proxy: 180.123.197.53:8089
Using proxy: 180.123.197.53:8089
Using proxy: 180.123.197.53:8089
Using proxy: 180.123.197.53:8089
Using proxy: 180.123.197.53:8089
Using proxy: 180.123.197.53:8089
Using proxy: 180.123.197.53:8089
Using proxy: 180.123.197.53:8089
Using proxy: 180.123.197.53:8089
Using proxy: 180.123.197.53:8089
Using proxy: 180.123.197.53:8089
Using proxy: 180.123.197.53:8089
Using proxy: 180.123.197.53:8089
Using proxy: 180.123.197.53:8089
Using proxy: 180.123.197.53:8089
Using proxy: 180.123.197.53:8089
Using proxy: 180.123.197.53:8089
Using proxy: 180.123.197.53:8089
Using proxy: 180.123.197.53:8089
Using proxy: 180.123.197.53:8089
Using proxy: 180.123.197.53:8089
Using proxy: 180.123.197.53:8089
Using proxy: 180.123.197.53:8089
Using proxy: 180.123.197.53:8089
Using proxy: 180.123.197.53:8089
Using proxy: 180.123.197.53:8089
Using proxy: 180.123.197.53:8089
Using proxy: 180.123.197.53:8089
Using proxy: 180.123.197.53:8089
Using proxy: 180.123.197.53:8089
Using proxy: 180.123.197.53:8089
Using proxy: 180.123.197.53:8089
Using proxy: 180.123.197.53:8089
Using proxy: 180.123.197.53:8089
Using proxy: 180.123.197.53:8089
Using proxy: 180.123.197.53:8089
Using proxy: 180.123.197.53:8089
Using proxy: 180.123.197.53:8089
Using proxy: 180.123.197.53:8089
Using proxy: 180.123.197.53:8089
Using proxy: 180.123.197.53:8089
Using proxy: 180.123.197.53:8089
Using proxy: 180.123.197.53:8089
Using proxy: 180.123.197.53:8089
商品已经存在，不需要更新
商品已经存在，不需要更新
商品已经存在，不需要更新
商品已经存在，不需要更新
商品已经存在，不需要更新
商品已经存在，不需要更新
商品已经存在，不需要更新
商品已经存在，不需要更新
商品已经存在，不需要更新
商品已经存在，不需要更新
商品已经存在，不需要更新
商品已经存在，不需要更新
商品已经存在，不需要更新
商品已经存在，不需要更新
商品已经存在，不需要更新
商品已经存在，不需要更新
商品已经存在，不需要更新
商品已经存在，不需要更新
商品已经存在，不需要更新
商品已经存在，不需要更新
商品已经存在，不需要更新
商品已经存在，不需要更新
商品已经存在，不需要更新
商品已经存在，不需要更新
商品已经存在，不需要更新
商品已经存在，不需要更新
商品已经存在，不需要更新
商品已经存在，不需要更新
商品已经存在，不需要更新
商品已经存在，不需要更新
商品已经存在，不需要更新
商品已经存在，不需要更新
商品已经存在，不需要更新
商品已经存在，不需要更新
商品已经存在，不需要更新
商品已经存在，不需要更新
商品已经存在，不需要更新
商品已经存在，不需要更新
商品已经存在，不需要更新
商品已经存在，不需要更新
商品已经存在，不需要更新
Using proxy: 180.123.197.53:8089
Using proxy: 180.123.197.53:8089
Using proxy: 180.123.197.53:8089
Using proxy: 180.123.197.53:8089
Using proxy: 180.123.197.53:8089
Using proxy: 180.123.197.53:8089
Using proxy: 180.123.197.53:8089
Using proxy: 180.123.197.53:8089
Using proxy: 180.123.197.53:8089
Using proxy: 180.123.197.53:8089
Using proxy: 180.123.197.53:8089
Using proxy: 180.123.197.53:8089
Using proxy: 180.123.197.53:8089
Using proxy: 180.123.197.53:8089
Using proxy: 180.123.197.53:8089
Using proxy: 180.123.197.53:8089
Using proxy: 180.123.197.53:8089
Using proxy: 180.123.197.53:8089
Using proxy: 180.123.197.53:8089
Using proxy: 180.123.197.53:8089
Using proxy: 180.123.197.53:8089
Using proxy: 180.123.197.53:8089
Using proxy: 180.123.197.53:8089
Using proxy: 180.123.197.53:8089
Using proxy: 180.123.197.53:8089
Using proxy: 180.123.197.53:8089
Using proxy: 180.123.197.53:8089
Using proxy: 180.123.197.53:8089
Using proxy: 180.123.197.53:8089
Using proxy: 180.123.197.53:8089
Using proxy: 180.123.197.53:8089
Using proxy: 180.123.197.53:8089
Using proxy: 180.123.197.53:8089
Using proxy: 180.123.197.53:8089
Using proxy: 180.123.197.53:8089
Using proxy: 180.123.197.53:8089
Using proxy: 180.123.197.53:8089
Using proxy: 180.123.197.53:8089
Using proxy: 180.123.197.53:8089
Using proxy: 180.123.197.53:8089
Using proxy: 180.123.197.53:8089
Using proxy: 180.123.197.53:8089
Using proxy: 180.123.197.53:8089
Using proxy: 180.123.197.53:8089
Using proxy: 180.123.197.53:8089
Using proxy: 180.123.197.53:8089
Using proxy: 180.123.197.53:8089
Using proxy: 180.123.197.53:8089
Using proxy: 180.123.197.53:8089
Using proxy: 180.123.197.53:8089
Using proxy: 180.123.197.53:8089
Using proxy: 180.123.197.53:8089
Using proxy: 180.123.197.53:8089
Using proxy: 180.123.197.53:8089
Using proxy: 180.123.197.53:8089
Using proxy: 180.123.197.53:8089
Using proxy: 180.123.197.53:8089
Using proxy: 180.123.197.53:8089
Using proxy: 180.123.197.53:8089
Using proxy: 180.123.197.53:8089
Using proxy: 180.123.197.53:8089
Using proxy: 180.123.197.53:8089
Using proxy: 180.123.197.53:8089
Using proxy: 180.123.197.53:8089
Using proxy: 180.123.197.53:8089
Using proxy: 180.123.197.53:8089
Using proxy: 180.123.197.53:8089
Using proxy: 180.123.197.53:8089
Using proxy: 180.123.197.53:8089
Using proxy: 180.123.197.53:8089
Using proxy: 180.123.197.53:8089
Using proxy: 180.123.197.53:8089
Using proxy: 180.123.197.53:8089
No proxy available, waiting for 60 seconds
No proxy available, waiting for 60 seconds
No proxy available, waiting for 60 seconds
No proxy available, waiting for 60 seconds
No proxy available, waiting for 60 seconds
No proxy available, waiting for 60 seconds
No proxy available, waiting for 60 seconds
No proxy available, waiting for 60 seconds
No proxy available, waiting for 60 seconds
No proxy available, waiting for 60 seconds
No proxy available, waiting for 60 seconds
No proxy available, waiting for 60 seconds
No proxy available, waiting for 60 seconds
No proxy available, waiting for 60 seconds
No proxy available, waiting for 60 seconds
Using proxy: 223.247.46.230:8089
Using proxy: 218.67.34.240:8089
Using proxy: 223.247.46.230:8089
Using proxy: 218.67.34.240:8089
Using proxy: 218.67.34.240:8089
Using proxy: 114.106.173.223:8089
Using proxy: 114.106.173.223:8089
Using proxy: 114.106.173.223:8089
Using proxy: 218.67.34.240:8089
Using proxy: 218.67.34.240:8089
Using proxy: 218.67.34.240:8089
设置完成,商品X000006733已经存入redis中
Using proxy: 223.247.46.230:8089
Using proxy: 223.247.46.230:8089
设置完成,商品X000005912已经存入redis中
Using proxy: 223.247.46.230:8089
设置完成,商品X000007285已经存入redis中
Using proxy: 218.67.34.240:8089
Using proxy: 114.106.173.223:8089
Using proxy: 218.67.34.240:8089
Using proxy: 218.67.34.240:8089
Using proxy: 218.67.34.240:8089
Using proxy: 223.247.46.230:8089
Using proxy: 114.106.173.223:8089
Using proxy: 218.67.34.240:8089
Using proxy: 114.106.173.223:8089
Using proxy: 114.106.173.223:8089
Using proxy: 223.247.46.230:8089
Using proxy: 114.106.173.223:8089
Using proxy: 114.106.173.223:8089
Using proxy: 114.106.173.223:8089
Using proxy: 114.106.173.223:8089
Using proxy: 114.106.173.223:8089
Using proxy: 114.106.173.223:8089
Using proxy: 114.106.173.223:8089
Using proxy: 114.106.173.223:8089
Using proxy: 114.106.173.223:8089
Using proxy: 114.106.173.223:8089
Using proxy: 114.106.173.223:8089
Using proxy: 114.106.173.223:8089
Using proxy: 114.106.173.223:8089
Using proxy: 114.106.173.223:8089
Using proxy: 114.106.173.223:8089
Using proxy: 114.106.173.223:8089
No proxy available, waiting for 60 seconds
No proxy available, waiting for 60 seconds
Using proxy: 115.77.136.137:4001
Using proxy: 115.77.136.137:4001
Using proxy: 115.77.136.137:4001
Using proxy: 115.77.136.137:4001
Using proxy: 115.77.136.137:4001
Using proxy: 115.77.136.137:4001
Using proxy: 115.77.136.137:4001
Using proxy: 115.77.136.137:4001
Using proxy: 115.77.136.137:4001
Using proxy: 115.77.136.137:4001
设置完成,商品X000004796已经存入redis中
Using proxy: 115.77.136.137:4001
设置完成,商品X000006470已经存入redis中
Using proxy: 115.77.136.137:4001
设置完成,商品X000006526已经存入redis中
Using proxy: 115.77.136.137:4001
设置完成,商品X000006805已经存入redis中
Using proxy: 115.77.136.137:4001
设置完成,商品X000006767已经存入redis中
Using proxy: 115.77.136.137:4001
设置完成,商品X000006414已经存入redis中
Using proxy: 115.77.136.137:4001
设置完成,商品X000007217已经存入redis中
Using proxy: 115.77.136.137:4001
设置完成,商品X000007331已经存入redis中
Using proxy: 115.77.136.137:4001
设置完成,商品X000007164已经存入redis中
Using proxy: 115.77.136.137:4001
设置完成,商品X000006161已经存入redis中
Using proxy: 115.77.136.137:4001
设置完成,商品X000007313已经存入redis中
Using proxy: 115.77.136.137:4001
设置完成,商品X000006048已经存入redis中
Using proxy: 115.77.136.137:4001
设置完成,商品X000006623已经存入redis中
Using proxy: 115.77.136.137:4001
设置完成,商品X000006434已经存入redis中
Using proxy: 115.77.136.137:4001
设置完成,商品X000004883已经存入redis中
Using proxy: 115.77.136.137:4001
设置完成,商品X000007353已经存入redis中
Using proxy: 115.77.136.137:4001
设置完成,商品X000006926已经存入redis中
Using proxy: 115.77.136.137:4001
设置完成,商品X000006695已经存入redis中
Using proxy: 115.77.136.137:4001
设置完成,商品X000006890已经存入redis中
Using proxy: 115.77.136.137:4001
Using proxy: 115.77.136.137:4001
Using proxy: 115.77.136.137:4001
Using proxy: 115.77.136.137:4001
Using proxy: 115.77.136.137:4001
Using proxy: 115.77.136.137:4001
Using proxy: 115.77.136.137:4001
Using proxy: 115.77.136.137:4001
Using proxy: 115.77.136.137:4001
Using proxy: 115.77.136.137:4001
Using proxy: 115.77.136.137:4001
Using proxy: 115.77.136.137:4001
Using proxy: 115.77.136.137:4001
Using proxy: 115.77.136.137:4001
Using proxy: 115.77.136.137:4001
Using proxy: 115.77.136.137:4001
Using proxy: 115.77.136.137:4001
Using proxy: 115.77.136.137:4001
Using proxy: 115.77.136.137:4001
Using proxy: 115.77.136.137:4001
Using proxy: 115.77.136.137:4001
Using proxy: 115.77.136.137:4001
Using proxy: 115.77.136.137:4001
Using proxy: 115.77.136.137:4001
Using proxy: 115.77.136.137:4001
Using proxy: 115.77.136.137:4001
Using proxy: 115.77.136.137:4001
Using proxy: 115.77.136.137:4001
Using proxy: 115.77.136.137:4001
Using proxy: 115.77.136.137:4001
Using proxy: 115.77.136.137:4001
Using proxy: 115.77.136.137:4001
Using proxy: 115.77.136.137:4001
Using proxy: 115.77.136.137:4001
Using proxy: 115.77.136.137:4001
Using proxy: 115.77.136.137:4001
Using proxy: 115.77.136.137:4001
Using proxy: 115.77.136.137:4001
Using proxy: 115.77.136.137:4001
Using proxy: 115.77.136.137:4001
Using proxy: 115.77.136.137:4001
Using proxy: 115.77.136.137:4001
Using proxy: 115.77.136.137:4001
Using proxy: 115.77.136.137:4001
Using proxy: 115.77.136.137:4001
Using proxy: 115.77.136.137:4001
Using proxy: 115.77.136.137:4001
Using proxy: 115.77.136.137:4001
Using proxy: 115.77.136.137:4001
Using proxy: 115.77.136.137:4001
Using proxy: 115.77.136.137:4001
Using proxy: 115.77.136.137:4001
Using proxy: 115.77.136.137:4001
Using proxy: 115.77.136.137:4001
Using proxy: 115.77.136.137:4001
Using proxy: 115.77.136.137:4001
Using proxy: 115.77.136.137:4001
Using proxy: 115.77.136.137:4001
Using proxy: 115.77.136.137:4001
Using proxy: 115.77.136.137:4001
Using proxy: 115.77.136.137:4001
Using proxy: 115.77.136.137:4001
Using proxy: 115.77.136.137:4001
Using proxy: 115.77.136.137:4001
Using proxy: 115.77.136.137:4001
Using proxy: 115.77.136.137:4001
Using proxy: 115.77.136.137:4001
Using proxy: 115.77.136.137:4001
Using proxy: 115.77.136.137:4001
Using proxy: 115.77.136.137:4001
Using proxy: 115.77.136.137:4001
Using proxy: 115.77.136.137:4001
Using proxy: 115.77.136.137:4001
Using proxy: 115.77.136.137:4001
Using proxy: 115.77.136.137:4001
Using proxy: 115.77.136.137:4001
Using proxy: 115.77.136.137:4001
Using proxy: 115.77.136.137:4001
Using proxy: 115.77.136.137:4001
Using proxy: 115.77.136.137:4001
Using proxy: 115.77.136.137:4001
Using proxy: 115.77.136.137:4001
Using proxy: 115.77.136.137:4001
Using proxy: 115.77.136.137:4001
Using proxy: 115.77.136.137:4001
Using proxy: 115.77.136.137:4001
Using proxy: 115.77.136.137:4001
Using proxy: 115.77.136.137:4001
Using proxy: 115.77.136.137:4001
Using proxy: 115.77.136.137:4001
Using proxy: 115.77.136.137:4001
Using proxy: 115.77.136.137:4001
Using proxy: 115.77.136.137:4001
Using proxy: 115.77.136.137:4001
Using proxy: 115.77.136.137:4001
Using proxy: 115.77.136.137:4001
Using proxy: 115.77.136.137:4001
Using proxy: 115.77.136.137:4001
Using proxy: 115.77.136.137:4001
Using proxy: 115.77.136.137:4001
Using proxy: 115.77.136.137:4001
Using proxy: 115.77.136.137:4001
Using proxy: 115.77.136.137:4001
Using proxy: 115.77.136.137:4001
Using proxy: 115.77.136.137:4001
Using proxy: 115.77.136.137:4001
Using proxy: 115.77.136.137:4001
Using proxy: 115.77.136.137:4001
Using proxy: 115.77.136.137:4001
Using proxy: 115.77.136.137:4001
Using proxy: 115.77.136.137:4001
Using proxy: 115.77.136.137:4001
Using proxy: 115.77.136.137:4001
Using proxy: 115.77.136.137:4001
Using proxy: 115.77.136.137:4001
Using proxy: 115.77.136.137:4001
Using proxy: 115.77.136.137:4001
Using proxy: 115.77.136.137:4001
Using proxy: 115.77.136.137:4001
Using proxy: 115.77.136.137:4001
Using proxy: 115.77.136.137:4001
Using proxy: 115.77.136.137:4001
Using proxy: 115.77.136.137:4001
Using proxy: 115.77.136.137:4001
Using proxy: 115.77.136.137:4001
Using proxy: 115.77.136.137:4001
Using proxy: 115.77.136.137:4001
Using proxy: 115.77.136.137:4001
Using proxy: 115.77.136.137:4001
Using proxy: 115.77.136.137:4001
Using proxy: 115.77.136.137:4001
Using proxy: 115.77.136.137:4001
Using proxy: 115.77.136.137:4001
Using proxy: 115.77.136.137:4001
Using proxy: 115.77.136.137:4001
Using proxy: 115.77.136.137:4001
Using proxy: 115.77.136.137:4001
Using proxy: 115.77.136.137:4001
设置完成,商品X000006623已经存入redis中
Using proxy: 115.77.136.137:4001
Using proxy: 123.182.59.117:8089
Using proxy: 115.77.136.137:4001
Using proxy: 115.77.136.137:4001
Using proxy: 123.182.59.117:8089
Using proxy: 123.182.59.117:8089
Using proxy: 123.182.59.117:8089
Using proxy: 123.182.59.117:8089
redis连接关闭,共有链接434个
